TN:
SF:./dist/vidBg.js
FN:1,(anonymous_1)
FN:10,(anonymous_2)
FN:21,(anonymous_3)
FN:25,(anonymous_4)
FN:29,(anonymous_5)
FN:45,(anonymous_6)
FN:52,(anonymous_7)
FN:66,(anonymous_8)
FN:69,(anonymous_9)
FN:73,(anonymous_10)
FN:82,(anonymous_11)
FN:89,(anonymous_12)
FN:95,(anonymous_13)
FN:108,(anonymous_14)
FN:114,(anonymous_15)
FNF:15
FNH:2
FNDA:1,(anonymous_1)
FNDA:0,(anonymous_2)
FNDA:0,(anonymous_3)
FNDA:0,(anonymous_4)
FNDA:0,(anonymous_5)
FNDA:0,(anonymous_6)
FNDA:0,(anonymous_7)
FNDA:0,(anonymous_8)
FNDA:0,(anonymous_9)
FNDA:0,(anonymous_10)
FNDA:0,(anonymous_11)
FNDA:0,(anonymous_12)
FNDA:0,(anonymous_13)
FNDA:1,(anonymous_14)
FNDA:0,(anonymous_15)
DA:1,1
DA:2,1
DA:11,0
DA:22,0
DA:23,0
DA:24,0
DA:25,0
DA:26,0
DA:27,0
DA:28,0
DA:29,0
DA:30,0
DA:31,0
DA:32,0
DA:33,0
DA:34,0
DA:35,0
DA:36,0
DA:37,0
DA:38,0
DA:43,0
DA:45,0
DA:46,0
DA:47,0
DA:48,0
DA:49,0
DA:51,0
DA:53,0
DA:54,0
DA:55,0
DA:56,0
DA:57,0
DA:58,0
DA:59,0
DA:60,0
DA:61,0
DA:67,0
DA:68,0
DA:69,0
DA:70,0
DA:73,0
DA:74,0
DA:75,0
DA:76,0
DA:78,0
DA:79,0
DA:82,0
DA:83,0
DA:84,0
DA:85,0
DA:86,0
DA:87,0
DA:89,0
DA:90,0
DA:91,0
DA:92,0
DA:95,0
DA:96,0
DA:97,0
DA:108,1
DA:109,1
DA:110,1
DA:112,1
DA:114,1
DA:115,0
LF:65
LH:7
BRDA:28,1,0,0
BRDA:28,1,1,0
BRDA:30,2,0,0
BRDA:30,2,1,0
BRDA:31,3,0,0
BRDA:31,3,1,0
BRDA:33,4,0,0
BRDA:33,4,1,0
BRDA:35,5,0,0
BRDA:35,5,1,0
BRDA:37,6,0,0
BRDA:37,6,1,0
BRDA:46,7,0,0
BRDA:46,7,1,0
BRDA:47,8,0,0
BRDA:47,8,1,0
BRDA:48,9,0,0
BRDA:48,9,1,0
BRDA:49,10,0,0
BRDA:49,10,1,0
BRDA:53,11,0,0
BRDA:53,11,1,0
BRDA:55,12,0,0
BRDA:55,12,1,0
BRDA:56,13,0,0
BRDA:56,13,1,0
BRDA:57,14,0,0
BRDA:57,14,1,0
BRDA:58,15,0,0
BRDA:58,15,1,0
BRDA:59,16,0,0
BRDA:59,16,1,0
BRDA:60,17,0,0
BRDA:60,17,1,0
BRDA:68,18,0,0
BRDA:68,18,1,0
BRDA:74,19,0,0
BRDA:74,19,1,0
BRDA:90,20,0,0
BRDA:90,20,1,0
BRF:40
BRH:0
end_of_record
